<?xml version="1.0" encoding="UTF-8"?>
<!-- Generated by org.testng.reporters.JUnitXMLReporter -->
<testsuite ignored="0" hostname="LAPTOP-S3510UPG" failures="0" tests="4" name="Test" time="8.803" errors="0" timestamp="2025-03-10T23:39:02 IST">
  <testcase classname="Day8.Createuser" name="test_createUser" time="3.733"/>
  <testcase classname="Day8.GetUser" name="test_getuser" time="1.452"/>
  <testcase classname="Day8.UpdateUser" name="test_Updateuser" time="2.042"/>
  <testcase classname="Day8.DeleteUser" name="Test_Deleteuser" time="1.533"/>
</testsuite> <!-- Test -->
