<?xml version="1.0" encoding="UTF-8"?>
<testng-results ignored="0" total="1" passed="1" failed="0" skipped="0">
  <reporter-output>
  </reporter-output>
  <suite started-at="2025-04-12T22:50:36 IST" name="Surefire suite" finished-at="2025-04-12T22:50:36 IST" duration-ms="10">
    <groups>
    </groups>
    <test started-at="2025-04-12T22:50:36 IST" name="Surefire test" finished-at="2025-04-12T22:50:36 IST" duration-ms="10">
      <class name="ApiTesting.AppTest">
        <test-method signature="testApp()[pri:0, instance:testApp(ApiTesting.AppTest)]" started-at="2025-04-12T22:50:36 IST" name="testApp" finished-at="2025-04-12T22:50:36 IST" duration-ms="2" status="PASS">
          <reporter-output>
          </reporter-output>
        </test-method> <!-- testApp -->
      </class> <!-- ApiTesting.AppTest -->
    </test> <!-- Surefire test -->
  </suite> <!-- Surefire suite -->
</testng-results>
